INFO: kbplacer_plugin_action.py:70: Plugin version: 0.14
INFO: kbplacer_plugin_action.py:71: Python version: '3.11.5 (main, Sep 17 2025, 01:04:48) [MSC v.1944 64 bit (AMD64)]'
INFO: kbplacer_plugin_action.py:72: KiCad version: 9.0.6 with 4.2.2 msw (phoenix) wxWidgets 3.2.8
INFO: kbplacer_dialog.py:631: Language: en
INFO: kbplacer_plugin_action.py:80: GUI state: {"layout_path": "C:\\Users\\rmran\\Downloads\\keyboard-layout.json", "key_distance": [19.05, 19.05], "key_info": {"annotation_format": "SW{}", "position_option": "Default", "position": {"x": 0.0, "y": 0.0, "orientation": 0.0, "side": "Front"}, "template_path": ""}, "enable_diode_placement": false, "route_switches_with_diodes": true, "optimize_diodes_orientation": false, "diode_info": {"annotation_format": "D{}", "position_option": "Default", "position": {"x": 5.08, "y": 3.03, "orientation": 90.0, "side": "Back"}, "template_path": ""}, "additional_elements": [{"annotation_format": "ST{}", "position_option": "Custom", "position": {"x": 0.0, "y": 0.0, "orientation": 0.0, "side": "Front"}, "template_path": ""}], "route_rows_and_columns": true, "template_path": "", "generate_outline": false, "outline_delta": 0.0}
DEBUG: key_placer.py:424: Set key 1U distance: 19050000/19050000
WARNING: key_placer.py:134: Unexpected switch net position detected, each switch should have two unique nets unambiguously defining position in key matrix, switch-by-matrix association can't be used
DEBUG: key_placer.py:141: Switches by nets: {}
DEBUG: key_placer.py:145: Diodes by switch: {'SW1': ['D22'], 'SW10': ['D20', 'D19', 'D18', 'D17', 'D16', 'D15', 'D14', 'D13', 'D12', 'D11'], 'SW9': ['D8'], 'SW8': ['D7'], 'SW7': ['D6'], 'SW6': ['D5'], 'SW5': ['D4'], 'SW4': ['D3'], 'SW3': ['D2'], 'SW2': ['D1']}
DEBUG: board_modifier.py:73: Searching for SW1 footprint in C:/Users/rmran/OneDrive/Documents/Projects/RP2040_Macropad/RP2040_Macropad.kicad_pcb
INFO: key_placer.py:620: Looking for connection template between SW1 and other elements
DEBUG: board_modifier.py:107: Getting SW1 footprint position: (175785000, 62150000)
INFO: key_placer.py:664: Got connection template: 
INFO: kle_serial.py:931: User layout: [[{'a': 7}, '', '', ''], ['', '', ''], ['', '', '']]
DEBUG: key_placer.py:724: Layout offset: (28575000, 28575000)
DEBUG: kle_serial.py:990: Layout with: x_ortholinear_keys=9, y_ortholinear_keys=9, rotated_keys=0, encoders=0, iso_enters=0 and unrecognized_shape_keys=0
DEBUG: kle_serial.py:1015: Layout tagged: [<KeyboardTag.ORTHOLINEAR: 1>]
DEBUG: board_modifier.py:94: Setting SW1 footprint position: (38100000, 38100000)
DEBUG: board_modifier.py:94: Setting SW2 footprint position: (57150000, 38100000)
DEBUG: board_modifier.py:94: Setting SW3 footprint position: (76200000, 38100000)
DEBUG: board_modifier.py:94: Setting SW4 footprint position: (38100000, 57150000)
DEBUG: board_modifier.py:94: Setting SW5 footprint position: (57150000, 57150000)
DEBUG: board_modifier.py:94: Setting SW6 footprint position: (76200000, 57150000)
DEBUG: board_modifier.py:94: Setting SW7 footprint position: (38100000, 76200000)
DEBUG: board_modifier.py:94: Setting SW8 footprint position: (57150000, 76200000)
DEBUG: board_modifier.py:94: Setting SW9 footprint position: (76200000, 76200000)
INFO: key_placer.py:1078: Diode info: [ElementInfo(annotation_format='D{}', position_option=<PositionOption.UNCHANGED: 'Unchanged'>, position=ElementPosition(x=5.08, y=3.03, orientation=90.0, side=<Side.BACK: 'Back'>), template_path='')]
DEBUG: key_placer.py:854: Placing additional elements for SW1
DEBUG: board_modifier.py:107: Getting SW1 footprint position: (38100000, 38100000)
DEBUG: board_modifier.py:84: Searching for optional ST1 footprint in C:/Users/rmran/OneDrive/Documents/Projects/RP2040_Macropad/RP2040_Macropad.kicad_pcb
DEBUG: board_modifier.py:89: Footprint not found
DEBUG: key_placer.py:854: Placing additional elements for SW4
DEBUG: board_modifier.py:107: Getting SW4 footprint position: (38100000, 57150000)
DEBUG: board_modifier.py:84: Searching for optional ST4 footprint in C:/Users/rmran/OneDrive/Documents/Projects/RP2040_Macropad/RP2040_Macropad.kicad_pcb
DEBUG: board_modifier.py:89: Footprint not found
DEBUG: key_placer.py:854: Placing additional elements for SW10
DEBUG: board_modifier.py:107: Getting SW10 footprint position: (189110000, 106150000)
DEBUG: board_modifier.py:84: Searching for optional ST10 footprint in C:/Users/rmran/OneDrive/Documents/Projects/RP2040_Macropad/RP2040_Macropad.kicad_pcb
DEBUG: board_modifier.py:89: Footprint not found
DEBUG: key_placer.py:854: Placing additional elements for SW9
DEBUG: board_modifier.py:107: Getting SW9 footprint position: (76200000, 76200000)
DEBUG: board_modifier.py:84: Searching for optional ST9 footprint in C:/Users/rmran/OneDrive/Documents/Projects/RP2040_Macropad/RP2040_Macropad.kicad_pcb
DEBUG: board_modifier.py:89: Footprint not found
DEBUG: key_placer.py:854: Placing additional elements for SW8
DEBUG: board_modifier.py:107: Getting SW8 footprint position: (57150000, 76200000)
DEBUG: board_modifier.py:84: Searching for optional ST8 footprint in C:/Users/rmran/OneDrive/Documents/Projects/RP2040_Macropad/RP2040_Macropad.kicad_pcb
DEBUG: board_modifier.py:89: Footprint not found
DEBUG: key_placer.py:854: Placing additional elements for SW7
DEBUG: board_modifier.py:107: Getting SW7 footprint position: (38100000, 76200000)
DEBUG: board_modifier.py:84: Searching for optional ST7 footprint in C:/Users/rmran/OneDrive/Documents/Projects/RP2040_Macropad/RP2040_Macropad.kicad_pcb
DEBUG: board_modifier.py:89: Footprint not found
DEBUG: key_placer.py:854: Placing additional elements for SW6
DEBUG: board_modifier.py:107: Getting SW6 footprint position: (76200000, 57150000)
DEBUG: board_modifier.py:84: Searching for optional ST6 footprint in C:/Users/rmran/OneDrive/Documents/Projects/RP2040_Macropad/RP2040_Macropad.kicad_pcb
DEBUG: board_modifier.py:89: Footprint not found
DEBUG: key_placer.py:854: Placing additional elements for SW5
DEBUG: board_modifier.py:107: Getting SW5 footprint position: (57150000, 57150000)
DEBUG: board_modifier.py:84: Searching for optional ST5 footprint in C:/Users/rmran/OneDrive/Documents/Projects/RP2040_Macropad/RP2040_Macropad.kicad_pcb
DEBUG: board_modifier.py:89: Footprint not found
DEBUG: key_placer.py:854: Placing additional elements for SW3
DEBUG: board_modifier.py:107: Getting SW3 footprint position: (76200000, 38100000)
DEBUG: board_modifier.py:84: Searching for optional ST3 footprint in C:/Users/rmran/OneDrive/Documents/Projects/RP2040_Macropad/RP2040_Macropad.kicad_pcb
DEBUG: board_modifier.py:89: Footprint not found
DEBUG: key_placer.py:854: Placing additional elements for SW2
DEBUG: board_modifier.py:107: Getting SW2 footprint position: (57150000, 38100000)
DEBUG: board_modifier.py:84: Searching for optional ST2 footprint in C:/Users/rmran/OneDrive/Documents/Projects/RP2040_Macropad/RP2040_Macropad.kicad_pcb
DEBUG: board_modifier.py:89: Footprint not found
INFO: key_placer.py:486: Routing SW1 with D22
INFO: key_placer.py:488: Using internal autorouter method
WARNING: board_modifier.py:537: Could not route pads, no common layers found
INFO: key_placer.py:486: Routing SW4 with D3
INFO: key_placer.py:488: Using internal autorouter method
WARNING: board_modifier.py:537: Could not route pads, no common layers found
INFO: key_placer.py:486: Routing SW10 with D20
INFO: key_placer.py:488: Using internal autorouter method
DEBUG: board_modifier.py:541: Routing at F.Cu layer
DEBUG: board_modifier.py:558: Netclass: Default, track width: 200000
DEBUG: board_modifier.py:620: Routing pad 'SW10:S2' at (203610000, 106150000) with pad 'D20:2' at (240555000, 82850000) using coordinate system rotated by 0 degree(s)
INFO: board_modifier.py:464: Adding track segment (F.Cu): [(203610000, 106150000), (217255000, 106150000)]
DEBUG: board_modifier.py:474: Could not add track segment due to detected collision
INFO: board_modifier.py:464: Adding track segment (F.Cu): [(203610000, 106150000), (226910000, 82850000)]
DEBUG: board_modifier.py:474: Could not add track segment due to detected collision
INFO: key_placer.py:486: Routing SW10 with D19
INFO: key_placer.py:488: Using internal autorouter method
DEBUG: board_modifier.py:541: Routing at F.Cu layer
DEBUG: board_modifier.py:558: Netclass: Default, track width: 200000
DEBUG: board_modifier.py:620: Routing pad 'SW10:C' at (189110000, 108650000) with pad 'D19:2' at (181975000, 114700000) using coordinate system rotated by 0 degree(s)
INFO: board_modifier.py:464: Adding track segment (F.Cu): [(189110000, 108650000), (188025000, 108650000)]
INFO: board_modifier.py:469: Track added
INFO: board_modifier.py:464: Adding track segment (F.Cu): [(188025000, 108650000), (181975000, 114700000)]
DEBUG: board_modifier.py:474: Could not add track segment due to detected collision
INFO: board_modifier.py:464: Adding track segment (F.Cu): [(189110000, 108650000), (183060000, 114700000)]
DEBUG: board_modifier.py:474: Could not add track segment due to detected collision
INFO: key_placer.py:486: Routing SW10 with D18
INFO: key_placer.py:488: Using internal autorouter method
DEBUG: board_modifier.py:541: Routing at F.Cu layer
DEBUG: board_modifier.py:558: Netclass: Default, track width: 200000
DEBUG: board_modifier.py:620: Routing pad 'SW10:C' at (189110000, 108650000) with pad 'D18:2' at (181975000, 109580000) using coordinate system rotated by 0 degree(s)
INFO: board_modifier.py:464: Adding track segment (F.Cu): [(189110000, 108650000), (182905000, 108650000)]
INFO: board_modifier.py:469: Track added
INFO: board_modifier.py:464: Adding track segment (F.Cu): [(182905000, 108650000), (181975000, 109580000)]
INFO: board_modifier.py:469: Track added
INFO: key_placer.py:486: Routing SW10 with D17
INFO: key_placer.py:488: Using internal autorouter method
DEBUG: board_modifier.py:541: Routing at F.Cu layer
DEBUG: board_modifier.py:558: Netclass: Default, track width: 200000
DEBUG: board_modifier.py:620: Routing pad 'SW10:C' at (189110000, 108650000) with pad 'D17:2' at (181975000, 104460000) using coordinate system rotated by 0 degree(s)
INFO: board_modifier.py:464: Adding track segment (F.Cu): [(189110000, 108650000), (186165000, 108650000)]
INFO: board_modifier.py:469: Track added
INFO: board_modifier.py:464: Adding track segment (F.Cu): [(186165000, 108650000), (181975000, 104460000)]
DEBUG: board_modifier.py:474: Could not add track segment due to detected collision
INFO: board_modifier.py:464: Adding track segment (F.Cu): [(189110000, 108650000), (184920000, 104460000)]
DEBUG: board_modifier.py:474: Could not add track segment due to detected collision
INFO: key_placer.py:486: Routing SW10 with D16
INFO: key_placer.py:488: Using internal autorouter method
DEBUG: board_modifier.py:541: Routing at F.Cu layer
DEBUG: board_modifier.py:558: Netclass: Default, track width: 200000
DEBUG: board_modifier.py:620: Routing pad 'SW10:C' at (189110000, 108650000) with pad 'D16:2' at (175255000, 114700000) using coordinate system rotated by 0 degree(s)
INFO: board_modifier.py:464: Adding track segment (F.Cu): [(189110000, 108650000), (181305000, 108650000)]
INFO: board_modifier.py:469: Track added
INFO: board_modifier.py:464: Adding track segment (F.Cu): [(181305000, 108650000), (175255000, 114700000)]
DEBUG: board_modifier.py:474: Could not add track segment due to detected collision
INFO: board_modifier.py:464: Adding track segment (F.Cu): [(189110000, 108650000), (183060000, 114700000)]
DEBUG: board_modifier.py:474: Could not add track segment due to detected collision
INFO: key_placer.py:486: Routing SW10 with D15
INFO: key_placer.py:488: Using internal autorouter method
DEBUG: board_modifier.py:541: Routing at F.Cu layer
DEBUG: board_modifier.py:558: Netclass: Default, track width: 200000
DEBUG: board_modifier.py:620: Routing pad 'SW10:C' at (189110000, 108650000) with pad 'D15:2' at (175255000, 109580000) using coordinate system rotated by 0 degree(s)
INFO: board_modifier.py:464: Adding track segment (F.Cu): [(189110000, 108650000), (176185000, 108650000)]
INFO: board_modifier.py:469: Track added
INFO: board_modifier.py:464: Adding track segment (F.Cu): [(176185000, 108650000), (175255000, 109580000)]
INFO: board_modifier.py:469: Track added
INFO: key_placer.py:486: Routing SW10 with D14
INFO: key_placer.py:488: Using internal autorouter method
DEBUG: board_modifier.py:541: Routing at F.Cu layer
DEBUG: board_modifier.py:558: Netclass: Default, track width: 200000
DEBUG: board_modifier.py:620: Routing pad 'SW10:C' at (189110000, 108650000) with pad 'D14:2' at (175255000, 104460000) using coordinate system rotated by 0 degree(s)
INFO: board_modifier.py:464: Adding track segment (F.Cu): [(189110000, 108650000), (179445000, 108650000)]
INFO: board_modifier.py:469: Track added
INFO: board_modifier.py:464: Adding track segment (F.Cu): [(179445000, 108650000), (175255000, 104460000)]
DEBUG: board_modifier.py:474: Could not add track segment due to detected collision
INFO: board_modifier.py:464: Adding track segment (F.Cu): [(189110000, 108650000), (184920000, 104460000)]
DEBUG: board_modifier.py:474: Could not add track segment due to detected collision
INFO: key_placer.py:486: Routing SW10 with D13
INFO: key_placer.py:488: Using internal autorouter method
DEBUG: board_modifier.py:541: Routing at F.Cu layer
DEBUG: board_modifier.py:558: Netclass: Default, track width: 200000
DEBUG: board_modifier.py:620: Routing pad 'SW10:C' at (189110000, 108650000) with pad 'D13:2' at (168535000, 114700000) using coordinate system rotated by 0 degree(s)
INFO: board_modifier.py:464: Adding track segment (F.Cu): [(189110000, 108650000), (174585000, 108650000)]
INFO: board_modifier.py:469: Track added
INFO: board_modifier.py:464: Adding track segment (F.Cu): [(174585000, 108650000), (168535000, 114700000)]
DEBUG: board_modifier.py:474: Could not add track segment due to detected collision
INFO: board_modifier.py:464: Adding track segment (F.Cu): [(189110000, 108650000), (183060000, 114700000)]
DEBUG: board_modifier.py:474: Could not add track segment due to detected collision
INFO: key_placer.py:486: Routing SW10 with D12
INFO: key_placer.py:488: Using internal autorouter method
DEBUG: board_modifier.py:541: Routing at F.Cu layer
DEBUG: board_modifier.py:558: Netclass: Default, track width: 200000
DEBUG: board_modifier.py:620: Routing pad 'SW10:C' at (189110000, 108650000) with pad 'D12:2' at (168535000, 109580000) using coordinate system rotated by 0 degree(s)
INFO: board_modifier.py:464: Adding track segment (F.Cu): [(189110000, 108650000), (169465000, 108650000)]
INFO: board_modifier.py:469: Track added
INFO: board_modifier.py:464: Adding track segment (F.Cu): [(169465000, 108650000), (168535000, 109580000)]
INFO: board_modifier.py:469: Track added
INFO: key_placer.py:486: Routing SW10 with D11
INFO: key_placer.py:488: Using internal autorouter method
DEBUG: board_modifier.py:541: Routing at F.Cu layer
DEBUG: board_modifier.py:558: Netclass: Default, track width: 200000
DEBUG: board_modifier.py:620: Routing pad 'SW10:C' at (189110000, 108650000) with pad 'D11:2' at (168535000, 104460000) using coordinate system rotated by 0 degree(s)
INFO: board_modifier.py:464: Adding track segment (F.Cu): [(189110000, 108650000), (172725000, 108650000)]
INFO: board_modifier.py:469: Track added
INFO: board_modifier.py:464: Adding track segment (F.Cu): [(172725000, 108650000), (168535000, 104460000)]
DEBUG: board_modifier.py:474: Could not add track segment due to detected collision
INFO: board_modifier.py:464: Adding track segment (F.Cu): [(189110000, 108650000), (184920000, 104460000)]
DEBUG: board_modifier.py:474: Could not add track segment due to detected collision
INFO: key_placer.py:486: Routing SW9 with D8
INFO: key_placer.py:488: Using internal autorouter method
WARNING: board_modifier.py:537: Could not route pads, no common layers found
INFO: key_placer.py:486: Routing SW8 with D7
INFO: key_placer.py:488: Using internal autorouter method
WARNING: board_modifier.py:537: Could not route pads, no common layers found
INFO: key_placer.py:486: Routing SW7 with D6
INFO: key_placer.py:488: Using internal autorouter method
WARNING: board_modifier.py:537: Could not route pads, no common layers found
INFO: key_placer.py:486: Routing SW6 with D5
INFO: key_placer.py:488: Using internal autorouter method
WARNING: board_modifier.py:537: Could not route pads, no common layers found
INFO: key_placer.py:486: Routing SW5 with D4
INFO: key_placer.py:488: Using internal autorouter method
WARNING: board_modifier.py:537: Could not route pads, no common layers found
INFO: key_placer.py:486: Routing SW3 with D2
INFO: key_placer.py:488: Using internal autorouter method
WARNING: board_modifier.py:537: Could not route pads, no common layers found
INFO: key_placer.py:486: Routing SW2 with D1
INFO: key_placer.py:488: Using internal autorouter method
WARNING: board_modifier.py:537: Could not route pads, no common layers found
INFO: key_placer.py:520: Removing dangling tracks
INFO: key_placer.py:532: Removing 7796143a-656a-4a86-bb07-265ff5617f6a
INFO: key_placer.py:532: Removing 27178730-2fbf-460a-95b3-93032f6c541d
INFO: key_placer.py:532: Removing 234a633e-3cd0-4027-954d-dc6697fc668b
INFO: key_placer.py:532: Removing f2b45c88-cd6c-497b-ad79-98a528ef862d
INFO: key_placer.py:532: Removing 2956f289-1919-4fcb-a3a1-f6f2e4fcab1f
INFO: key_placer.py:532: Removing 032a50d5-98e1-40d0-8330-3d33b4e273b3
INFO: key_placer.py:520: Removing dangling tracks
